<?xml version="1.0" encoding="UTF-8"?>
<coverage generated="1751450532367" clover="3.2.0">
  <project timestamp="1751450532369" name="All files">
    <metrics statements="17" coveredstatements="17" conditionals="42" coveredconditionals="14" methods="3" coveredmethods="3" elements="62" coveredelements="34" complexity="0" loc="17" ncloc="17" packages="1" files="1" classes="1"/>
    <file name="Body.jsx" path="C:\Users\91636\OneDrive\Documents\Full_Stack_Development\sorting_visualiser\sorting_visualizer-2\Sorting-Visualizer\client\app\components\Main\Body\Body.jsx">
      <metrics statements="17" coveredstatements="17" conditionals="42" coveredconditionals="14" methods="3" coveredmethods="3"/>
      <line num="6" count="1" type="stmt"/>
      <line num="19" count="1" type="stmt"/>
      <line num="21" count="1" type="stmt"/>
      <line num="22" count="1" type="stmt"/>
      <line num="23" count="1" type="cond" truecount="1" falsecount="1"/>
      <line num="31" count="1" type="stmt"/>
      <line num="32" count="1" type="cond" truecount="1" falsecount="1"/>
      <line num="33" count="1" type="cond" truecount="1" falsecount="1"/>
      <line num="40" count="1" type="stmt"/>
      <line num="42" count="1" type="stmt"/>
      <line num="45" count="5" type="stmt"/>
      <line num="46" count="5" type="cond" truecount="1" falsecount="1"/>
      <line num="47" count="5" type="cond" truecount="5" falsecount="1"/>
      <line num="48" count="5" type="cond" truecount="1" falsecount="1"/>
      <line num="49" count="5" type="cond" truecount="1" falsecount="1"/>
      <line num="50" count="5" type="stmt"/>
      <line num="51" count="5" type="stmt"/>
    </file>
  </project>
</coverage>
