{"C:\\Users\\91636\\OneDrive\\Documents\\Full_Stack_Development\\sorting_visualiser\\sorting_visualizer-2\\Sorting-Visualizer\\client\\app\\components\\Main\\Body\\Body.jsx": {"path":"C:\\Users\\91636\\OneDrive\\Documents\\Full_Stack_Development\\sorting_visualiser\\sorting_visualizer-2\\Sorting-Visualizer\\client\\app\\components\\Main\\Body\\Body.jsx","statementMap":{"0":{"start":{"line":6,"column":4},"end":{"line":6,"column":17}},"1":{"start":{"line":19,"column":8},"end":{"line":19,"column":18}},"2":{"start":{"line":21,"column":21},"end":{"line":21,"column":71}},"3":{"start":{"line":22,"column":18},"end":{"line":22,"column":33}},"4":{"start":{"line":23,"column":22},"end":{"line":30,"column":25}},"5":{"start":{"line":31,"column":19},"end":{"line":31,"column":35}},"6":{"start":{"line":32,"column":18},"end":{"line":32,"column":57}},"7":{"start":{"line":33,"column":20},"end":{"line":39,"column":22}},"8":{"start":{"line":40,"column":21},"end":{"line":40,"column":35}},"9":{"start":{"line":42,"column":4},"end":{"line":63,"column":5}},"10":{"start":{"line":45,"column":25},"end":{"line":45,"column":40}},"11":{"start":{"line":46,"column":10},"end":{"line":50,"column":41}},"12":{"start":{"line":46,"column":47},"end":{"line":46,"column":70}},"13":{"start":{"line":47,"column":15},"end":{"line":50,"column":41}},"14":{"start":{"line":47,"column":157},"end":{"line":47,"column":179}},"15":{"start":{"line":48,"column":15},"end":{"line":50,"column":41}},"16":{"start":{"line":48,"column":36},"end":{"line":48,"column":57}},"17":{"start":{"line":49,"column":15},"end":{"line":50,"column":41}},"18":{"start":{"line":49,"column":50},"end":{"line":49,"column":72}},"19":{"start":{"line":50,"column":15},"end":{"line":50,"column":41}},"20":{"start":{"line":51,"column":10},"end":{"line":59,"column":16}}},"fnMap":{"0":{"name":"(anonymous_0)","decl":{"start":{"line":5,"column":2},"end":{"line":5,"column":3}},"loc":{"start":{"line":5,"column":21},"end":{"line":7,"column":3}},"line":5},"1":{"name":"(anonymous_1)","decl":{"start":{"line":9,"column":2},"end":{"line":9,"column":3}},"loc":{"start":{"line":9,"column":11},"end":{"line":64,"column":3}},"line":9},"2":{"name":"(anonymous_2)","decl":{"start":{"line":44,"column":35},"end":{"line":44,"column":36}},"loc":{"start":{"line":44,"column":54},"end":{"line":60,"column":9}},"line":44}},"branchMap":{"0":{"loc":{"start":{"line":23,"column":22},"end":{"line":30,"column":25}},"type":"cond-expr","locations":[{"start":{"line":24,"column":6},"end":{"line":24,"column":8}},{"start":{"line":24,"column":11},"end":{"line":30,"column":25}}],"line":23},"1":{"loc":{"start":{"line":24,"column":11},"end":{"line":30,"column":25}},"type":"cond-expr","locations":[{"start":{"line":25,"column":8},"end":{"line":25,"column":9}},{"start":{"line":25,"column":12},"end":{"line":30,"column":25}}],"line":24},"2":{"loc":{"start":{"line":25,"column":12},"end":{"line":30,"column":25}},"type":"cond-expr","locations":[{"start":{"line":26,"column":10},"end":{"line":26,"column":11}},{"start":{"line":26,"column":14},"end":{"line":30,"column":25}}],"line":25},"3":{"loc":{"start":{"line":26,"column":14},"end":{"line":30,"column":25}},"type":"cond-expr","locations":[{"start":{"line":27,"column":12},"end":{"line":27,"column":13}},{"start":{"line":27,"column":16},"end":{"line":30,"column":25}}],"line":26},"4":{"loc":{"start":{"line":27,"column":16},"end":{"line":30,"column":25}},"type":"cond-expr","locations":[{"start":{"line":28,"column":14},"end":{"line":28,"column":17}},{"start":{"line":28,"column":20},"end":{"line":30,"column":25}}],"line":27},"5":{"loc":{"start":{"line":28,"column":20},"end":{"line":30,"column":25}},"type":"cond-expr","locations":[{"start":{"line":29,"column":16},"end":{"line":29,"column":17}},{"start":{"line":29,"column":20},"end":{"line":30,"column":25}}],"line":28},"6":{"loc":{"start":{"line":29,"column":20},"end":{"line":30,"column":25}},"type":"cond-expr","locations":[{"start":{"line":30,"column":18},"end":{"line":30,"column":21}},{"start":{"line":30,"column":24},"end":{"line":30,"column":25}}],"line":29},"7":{"loc":{"start":{"line":32,"column":18},"end":{"line":32,"column":57}},"type":"cond-expr","locations":[{"start":{"line":32,"column":34},"end":{"line":32,"column":41}},{"start":{"line":32,"column":44},"end":{"line":32,"column":57}}],"line":32},"8":{"loc":{"start":{"line":33,"column":20},"end":{"line":39,"column":22}},"type":"cond-expr","locations":[{"start":{"line":34,"column":6},"end":{"line":34,"column":8}},{"start":{"line":34,"column":11},"end":{"line":39,"column":22}}],"line":33},"9":{"loc":{"start":{"line":34,"column":11},"end":{"line":39,"column":22}},"type":"cond-expr","locations":[{"start":{"line":35,"column":8},"end":{"line":35,"column":10}},{"start":{"line":35,"column":13},"end":{"line":39,"column":22}}],"line":34},"10":{"loc":{"start":{"line":35,"column":13},"end":{"line":39,"column":22}},"type":"cond-expr","locations":[{"start":{"line":36,"column":10},"end":{"line":36,"column":12}},{"start":{"line":36,"column":15},"end":{"line":39,"column":22}}],"line":35},"11":{"loc":{"start":{"line":36,"column":15},"end":{"line":39,"column":22}},"type":"cond-expr","locations":[{"start":{"line":37,"column":12},"end":{"line":37,"column":14}},{"start":{"line":37,"column":17},"end":{"line":39,"column":22}}],"line":36},"12":{"loc":{"start":{"line":37,"column":17},"end":{"line":39,"column":22}},"type":"cond-expr","locations":[{"start":{"line":38,"column":14},"end":{"line":38,"column":16}},{"start":{"line":38,"column":19},"end":{"line":39,"column":22}}],"line":37},"13":{"loc":{"start":{"line":38,"column":19},"end":{"line":39,"column":22}},"type":"cond-expr","locations":[{"start":{"line":39,"column":16},"end":{"line":39,"column":18}},{"start":{"line":39,"column":21},"end":{"line":39,"column":22}}],"line":38},"14":{"loc":{"start":{"line":44,"column":10},"end":{"line":60,"column":17}},"type":"cond-expr","locations":[{"start":{"line":44,"column":25},"end":{"line":60,"column":10}},{"start":{"line":60,"column":13},"end":{"line":60,"column":17}}],"line":44},"15":{"loc":{"start":{"line":46,"column":10},"end":{"line":50,"column":41}},"type":"if","locations":[{"start":{"line":46,"column":10},"end":{"line":50,"column":41}},{"start":{"line":47,"column":15},"end":{"line":50,"column":41}}],"line":46},"16":{"loc":{"start":{"line":47,"column":15},"end":{"line":50,"column":41}},"type":"if","locations":[{"start":{"line":47,"column":15},"end":{"line":50,"column":41}},{"start":{"line":48,"column":15},"end":{"line":50,"column":41}}],"line":47},"17":{"loc":{"start":{"line":47,"column":19},"end":{"line":47,"column":155}},"type":"binary-expr","locations":[{"start":{"line":47,"column":19},"end":{"line":47,"column":51}},{"start":{"line":47,"column":55},"end":{"line":47,"column":86}},{"start":{"line":47,"column":90},"end":{"line":47,"column":122}},{"start":{"line":47,"column":126},"end":{"line":47,"column":155}}],"line":47},"18":{"loc":{"start":{"line":48,"column":15},"end":{"line":50,"column":41}},"type":"if","locations":[{"start":{"line":48,"column":15},"end":{"line":50,"column":41}},{"start":{"line":49,"column":15},"end":{"line":50,"column":41}}],"line":48},"19":{"loc":{"start":{"line":49,"column":15},"end":{"line":50,"column":41}},"type":"if","locations":[{"start":{"line":49,"column":15},"end":{"line":50,"column":41}},{"start":{"line":50,"column":15},"end":{"line":50,"column":41}}],"line":49}},"s":{"0":1,"1":1,"2":1,"3":1,"4":1,"5":1,"6":1,"7":1,"8":1,"9":1,"10":5,"11":5,"12":0,"13":5,"14":0,"15":5,"16":0,"17":5,"18":0,"19":5,"20":5},"f":{"0":1,"1":1,"2":5},"b":{"0":[0,1],"1":[1,0],"2":[0,0],"3":[0,0],"4":[0,0],"5":[0,0],"6":[0,0],"7":[1,0],"8":[0,1],"9":[1,0],"10":[0,0],"11":[0,0],"12":[0,0],"13":[0,0],"14":[1,0],"15":[0,5],"16":[0,5],"17":[5,5,5,5],"18":[0,5],"19":[0,5]},"_coverageSchema":"1a1c01bbd47fc00a2c39e90264f33305004495a9","hash":"1140ac980a962d53e4d65c6a07a0433fd4037e1c"}
}
