TN:
SF:client\app\components\Main\Body\Body.jsx
FN:5,(anonymous_0)
FN:9,(anonymous_1)
FN:44,(anonymous_2)
FNF:3
FNH:3
FNDA:1,(anonymous_0)
FNDA:1,(anonymous_1)
FNDA:5,(anonymous_2)
DA:6,1
DA:19,1
DA:21,1
DA:22,1
DA:23,1
DA:31,1
DA:32,1
DA:33,1
DA:40,1
DA:42,1
DA:45,5
DA:46,5
DA:47,5
DA:48,5
DA:49,5
DA:50,5
DA:51,5
LF:17
LH:17
BRDA:23,0,0,0
BRDA:23,0,1,1
BRDA:24,1,0,1
BRDA:24,1,1,0
BRDA:25,2,0,0
BRDA:25,2,1,0
BRDA:26,3,0,0
BRDA:26,3,1,0
BRDA:27,4,0,0
BRDA:27,4,1,0
BRDA:28,5,0,0
BRDA:28,5,1,0
BRDA:29,6,0,0
BRDA:29,6,1,0
BRDA:32,7,0,1
BRDA:32,7,1,0
BRDA:33,8,0,0
BRDA:33,8,1,1
BRDA:34,9,0,1
BRDA:34,9,1,0
BRDA:35,10,0,0
BRDA:35,10,1,0
BRDA:36,11,0,0
BRDA:36,11,1,0
BRDA:37,12,0,0
BRDA:37,12,1,0
BRDA:38,13,0,0
BRDA:38,13,1,0
BRDA:44,14,0,1
BRDA:44,14,1,0
BRDA:46,15,0,0
BRDA:46,15,1,5
BRDA:47,16,0,0
BRDA:47,16,1,5
BRDA:47,17,0,5
BRDA:47,17,1,5
BRDA:47,17,2,5
BRDA:47,17,3,5
BRDA:48,18,0,0
BRDA:48,18,1,5
BRDA:49,19,0,0
BRDA:49,19,1,5
BRF:42
BRH:14
end_of_record
